TN:
SF:config.js
FNF:0
FNH:0
DA:1,1
LF:1
LH:1
BRDA:2,0,0,1
BRDA:2,0,1,1
BRF:2
BRH:2
end_of_record
TN:
SF:index.js
FN:16,(anonymous_0)
FNF:1
FNH:1
FNDA:1,(anonymous_0)
DA:1,1
DA:3,1
DA:4,1
DA:7,1
DA:9,1
DA:11,1
DA:13,1
DA:16,1
DA:17,1
DA:22,1
LF:10
LH:10
BRF:0
BRH:0
end_of_record
TN:
SF:routes\routes.js
FN:12,(anonymous_0)
FN:21,(anonymous_1)
FN:26,(anonymous_2)
FN:34,(anonymous_3)
FNF:4
FNH:4
FNDA:2,(anonymous_0)
FNDA:2,(anonymous_1)
FNDA:1,(anonymous_2)
FNDA:1,(anonymous_3)
DA:3,1
DA:5,1
DA:8,1
DA:10,1
DA:12,1
DA:13,2
DA:21,1
DA:23,2
DA:24,2
DA:26,2
DA:27,1
DA:28,1
DA:30,0
DA:34,2
DA:35,1
DA:36,1
DA:38,0
DA:42,2
DA:43,1
DA:48,2
DA:49,1
DA:55,2
DA:56,0
DA:62,2
DA:63,0
DA:69,2
DA:76,1
LF:27
LH:23
BRDA:42,0,0,1
BRDA:42,0,1,1
BRDA:48,1,0,1
BRDA:48,1,1,1
BRDA:55,2,0,0
BRDA:55,2,1,2
BRDA:62,3,0,0
BRDA:62,3,1,2
BRF:8
BRH:6
end_of_record
